[10/06/2020 13:14:59][Usuario][Conexión a la base de datos realizada]
[10/06/2020 13:14:59][Usuario][Conexión de usuario realizada]
[10/06/2020 13:15:07][Usuario][Salida del programa]
[10/06/2020 13:42:56][Usuario][Conexión a la base de datos realizada]
[10/06/2020 13:43:00][Usuario][Conexión de usuario realizada]
[10/06/2020 13:43:02][Usuario][Salida del programa]
[10/06/2020 13:43:55][Usuario][Conexión a la base de datos realizada]
[10/06/2020 13:43:57][Usuario][Conexión de usuario realizada]
[10/06/2020 13:43:59][Usuario][Salida del programa]
[10/06/2020 13:48:37][Usuario][Conexión a la base de datos realizada]
[10/06/2020 13:48:38][Usuario][Conexión de usuario realizada]
[10/06/2020 13:48:46][Usuario][Conexión a la base de datos realizada]
[10/06/2020 13:48:47][Usuario][Conexión de usuario realizada]
[10/06/2020 13:48:54][Usuario][Conexión a la base de datos realizada]
[10/06/2020 13:48:55][Usuario][Conexión de usuario realizada]
[10/06/2020 13:49:36][Usuario][Salida del programa]
[10/06/2020 13:57:59][Usuario][Conexión a la base de datos realizada]
[10/06/2020 13:58:00][Usuario][Conexión de usuario realizada]
[10/06/2020 13:58:15][Usuario][Conexión a la base de datos realizada]
[10/06/2020 13:58:16][Usuario][Conexión de usuario realizada]
[10/06/2020 13:58:17][Usuario][Conexión a la base de datos realizada]
[10/06/2020 13:58:17][Usuario][Conexión de usuario realizada]
[10/06/2020 13:58:25][Usuario][Conexión a la base de datos realizada]
[10/06/2020 13:58:25][Usuario][Conexión de usuario realizada]
[10/06/2020 13:58:26][Usuario][Salida del programa]
[10/06/2020 13:58:58][Usuario][Conexión a la base de datos realizada]
[10/06/2020 13:58:59][Usuario][Conexión de usuario realizada]
[10/06/2020 13:59:01][Usuario][Salida del programa]
[10/06/2020 14:07:11][Usuario][Conexión a la base de datos realizada]
[10/06/2020 14:07:11][Usuario][Conexión de usuario realizada]
[10/06/2020 14:07:22][Usuario][Salida del programa]
[10/06/2020 14:07:56][Usuario][Conexión a la base de datos realizada]
[10/06/2020 14:07:56][Usuario][Conexión de usuario realizada]
[10/06/2020 14:08:03][Usuario][Salida del programa]
[10/06/2020 14:10:48][Usuario][Conexión a la base de datos realizada]
[10/06/2020 14:10:50][Usuario][Conexión de usuario realizada]
[10/06/2020 14:10:51][Usuario][Conexión a la base de datos realizada]
[10/06/2020 14:10:51][Usuario][Conexión de usuario realizada]
[10/06/2020 14:10:52][Usuario][Conexión a la base de datos realizada]
[10/06/2020 14:10:52][Usuario][Conexión de usuario realizada]
[10/06/2020 14:10:53][Usuario][Conexión a la base de datos realizada]
[10/06/2020 14:10:53][Usuario][Conexión de usuario realizada]
[10/06/2020 14:10:54][Usuario][Conexión a la base de datos realizada]
[10/06/2020 14:10:55][Usuario][Conexión de usuario realizada]
[10/06/2020 14:10:55][Usuario][Conexión a la base de datos realizada]
[10/06/2020 14:10:56][Usuario][Conexión de usuario realizada]
[10/06/2020 14:10:56][Usuario][Conexión a la base de datos realizada]
[10/06/2020 14:10:57][Usuario][Conexión de usuario realizada]
[10/06/2020 14:10:57][Usuario][Conexión a la base de datos realizada]
[10/06/2020 14:10:58][Usuario][Conexión de usuario realizada]
[10/06/2020 14:10:58][Usuario][Conexión a la base de datos realizada]
[10/06/2020 14:10:59][Usuario][Conexión de usuario realizada]
[10/06/2020 14:11:00][Usuario][Salida del programa]
[10/06/2020 14:12:28][Usuario][Conexión a la base de datos realizada]
[10/06/2020 14:12:31][Usuario][Conexión de usuario realizada]
[10/06/2020 14:12:32][Usuario][Salida del programa]
[10/06/2020 14:21:54][Usuario][Conexión a la base de datos realizada]
[10/06/2020 14:21:55][Usuario][Conexión de usuario realizada]
[10/06/2020 14:23:01][Usuario][Salida del programa]
[10/06/2020 14:28:37][Usuario][Conexión a la base de datos realizada]
[10/06/2020 14:28:38][Usuario][Conexión de usuario realizada]
[10/06/2020 14:28:55][Usuario][Salida del programa]
[10/06/2020 14:29:58][Usuario][Salida del programa]
[10/06/2020 14:34:37][Usuario][Conexión a la base de datos realizada]
[10/06/2020 14:34:37][Usuario][Conexión de usuario realizada]
[10/06/2020 14:58:34][Usuario][Consulta de ayuda realizada]
[10/06/2020 15:00:24][Usuario][Conexión a la base de datos realizada]
[10/06/2020 15:00:47][Usuario][Alta de producto realizada]
[10/06/2020 15:01:11][Usuario][Alta de producto realizada]
[10/06/2020 15:01:33][Usuario][Conexión a la base de datos realizada]
[10/06/2020 15:01:33][Usuario][Alta de proveedor realizada]
[10/06/2020 15:02:01][Usuario][Conexión a la base de datos realizada]
[10/06/2020 15:02:01][Usuario][Conexión de usuario realizada]
[10/06/2020 15:02:08][Usuario][Conexión a la base de datos realizada]
[10/06/2020 15:02:09][Usuario][Alta de proveedor realizada]
[10/06/2020 15:02:35][Usuario][Conexión a la base de datos realizada]
[10/06/2020 15:02:35][Usuario][Alta de panaderia realizada]
[10/06/2020 15:02:46][Usuario][Conexión a la base de datos realizada]
[10/06/2020 15:02:46][Usuario][Conexión a la base de datos realizada]
[10/06/2020 15:03:03][Usuario][Conexión a la base de datos realizada]
[10/06/2020 15:03:23][Usuario][Conexión a la base de datos realizada]
[10/06/2020 15:03:23][Usuario][Alta de producto realizada]
[10/06/2020 15:03:49][Usuario][Conexión a la base de datos realizada]
[10/06/2020 15:03:49][Usuario][Alta de producto realizada]
[10/06/2020 15:03:52][Usuario][Salida del programa]
[10/06/2020 15:04:14][Usuario][Conexión a la base de datos realizada]
[10/06/2020 15:04:14][Usuario][Conexión de usuario realizada]
[10/06/2020 15:04:18][Usuario][Conexión a la base de datos realizada]
[10/06/2020 15:04:25][Usuario][Conexión a la base de datos realizada]
[10/06/2020 15:04:25][Usuario][Alta de producto realizada]
[10/06/2020 15:04:49][Usuario][Salida del programa]
[10/06/2020 15:08:29][Usuario][Conexión a la base de datos realizada]
[10/06/2020 15:08:29][Usuario][Conexión de usuario realizada]
[10/06/2020 15:08:31][Usuario][Conexión a la base de datos realizada]
[10/06/2020 15:08:56][Usuario][Conexión a la base de datos realizada]
[10/06/2020 15:08:56][Usuario][Alta de producto realizada]
[10/06/2020 15:09:07][Usuario][Conexión a la base de datos realizada]
[10/06/2020 15:09:07][Usuario][Alta de producto realizada]
[10/06/2020 15:09:15][Usuario][Salida del programa]
[10/06/2020 15:14:09][Usuario][Conexión a la base de datos realizada]
[10/06/2020 15:14:09][Usuario][Conexión de usuario realizada]
[10/06/2020 15:14:10][Usuario][Conexión a la base de datos realizada]
[10/06/2020 15:14:25][Usuario][Conexión a la base de datos realizada]
[10/06/2020 15:14:25][Usuario][Alta de producto realizada]
[10/06/2020 15:14:34][Usuario][Conexión a la base de datos realizada]
[10/06/2020 15:14:34][Usuario][Alta de producto realizada]
[10/06/2020 15:14:43][Usuario][Conexión a la base de datos realizada]
[10/06/2020 15:14:43][Usuario][Alta de producto realizada]
[10/06/2020 15:14:49][Usuario][Conexión a la base de datos realizada]
[10/06/2020 15:14:49][Usuario][Alta de producto realizada]
[10/06/2020 15:14:52][Usuario][Conexión a la base de datos realizada]
[10/06/2020 15:14:52][Usuario][Alta de producto realizada]
[10/06/2020 15:14:57][Usuario][Conexión a la base de datos realizada]
[10/06/2020 15:14:57][Usuario][Alta de producto realizada]
[10/06/2020 15:15:00][Usuario][Conexión a la base de datos realizada]
[10/06/2020 15:15:00][Usuario][Alta de producto realizada]
[10/06/2020 15:15:07][Usuario][Conexión a la base de datos realizada]
[10/06/2020 15:15:07][Usuario][Alta de producto realizada]
[10/06/2020 15:15:13][Usuario][Conexión a la base de datos realizada]
[10/06/2020 15:15:13][Usuario][Conexión a la base de datos realizada]
[10/06/2020 15:15:15][Usuario][Salida del programa]
[10/06/2020 15:19:35][Usuario][Conexión a la base de datos realizada]
[10/06/2020 15:19:35][Administrador][Conexión de usuario realizada]
[10/06/2020 15:19:38][Administrador][Conexión a la base de datos realizada]
[10/06/2020 15:19:52][Administrador][Conexión a la base de datos realizada]
[10/06/2020 15:19:52][Administrador][Alta de producto realizada]
[10/06/2020 15:20:05][Administrador][Conexión a la base de datos realizada]
[10/06/2020 15:20:08][Administrador][Conexión a la base de datos realizada]
[10/06/2020 15:20:08][Administrador][Baja de proveedor realizada]
[10/06/2020 15:20:40][Administrador][Conexión a la base de datos realizada]
[10/06/2020 15:20:40][Administrador][Consulta de panaderia realizada]
[10/06/2020 15:20:48][Administrador][Salida del programa]
[10/06/2020 15:22:12][Usuario][Conexión a la base de datos realizada]
[10/06/2020 15:22:12][Administrador][Conexión de usuario realizada]
[10/06/2020 15:22:14][Administrador][Conexión a la base de datos realizada]
[10/06/2020 15:22:14][Administrador][Consulta de panaderia realizada]
[10/06/2020 15:22:16][Administrador][Conexión a la base de datos realizada]
[10/06/2020 15:22:28][Administrador][Conexión a la base de datos realizada]
[10/06/2020 15:22:28][Administrador][Consulta de venta realizada]
[10/06/2020 15:22:30][Administrador][Conexión a la base de datos realizada]
[10/06/2020 15:22:30][Administrador][Conexión a la base de datos realizada]
[10/06/2020 15:22:41][Administrador][Conexión a la base de datos realizada]
[10/06/2020 15:22:44][Administrador][Conexión a la base de datos realizada]
[10/06/2020 15:22:49][Administrador][Conexión a la base de datos realizada]
[10/06/2020 15:22:51][Administrador][Conexión a la base de datos realizada]
[10/06/2020 15:23:02][Administrador][Conexión a la base de datos realizada]
[10/06/2020 15:23:02][Administrador][Modificacion de proveedor realizada]
[10/06/2020 15:23:02][Administrador][Conexión a la base de datos realizada]
[10/06/2020 15:23:02][Administrador][Modificacion de proveedor realizada]
[10/06/2020 15:23:10][Administrador][Conexión a la base de datos realizada]
[10/06/2020 15:23:15][Administrador][Conexión a la base de datos realizada]
[10/06/2020 15:23:15][Administrador][Consulta de proveedor realizada]
[10/06/2020 15:23:20][Administrador][Conexión a la base de datos realizada]
[10/06/2020 15:23:22][Administrador][Conexión a la base de datos realizada]
[10/06/2020 15:23:22][Administrador][Baja de proveedor realizada]
[10/06/2020 15:26:09][Administrador][Conexión a la base de datos realizada]
[10/06/2020 15:26:09][Administrador][Alta de proveedor realizada]
[10/06/2020 15:26:19][Administrador][Conexión a la base de datos realizada]
[10/06/2020 15:26:33][Administrador][Conexión a la base de datos realizada]
[10/06/2020 15:26:33][Administrador][Alta de producto realizada]
[10/06/2020 15:26:56][Administrador][Conexión a la base de datos realizada]
[10/06/2020 15:26:56][Administrador][Alta de producto realizada]
[10/06/2020 15:28:28][Administrador][Salida del programa]
[10/06/2020 15:42:58][Usuario][Conexión a la base de datos realizada]
[10/06/2020 15:42:58][Usuario][Conexión de usuario realizada]
[10/06/2020 15:43:01][Usuario][Conexión a la base de datos realizada]
[10/06/2020 15:43:07][Usuario][Conexión a la base de datos realizada]
[10/06/2020 15:43:07][Usuario][Alta de producto realizada]
[10/06/2020 15:43:33][Usuario][Conexión a la base de datos realizada]
[10/06/2020 15:43:34][Usuario][Alta de proveedor realizada]
[10/06/2020 15:43:37][Usuario][Conexión a la base de datos realizada]
[10/06/2020 15:43:37][Usuario][Alta de panaderia realizada]
[10/06/2020 15:43:39][Usuario][Conexión a la base de datos realizada]
[10/06/2020 15:43:39][Usuario][Conexión a la base de datos realizada]
[10/06/2020 15:43:45][Usuario][Conexión a la base de datos realizada]
[10/06/2020 15:43:45][Usuario][Alta de venta realizada]
[10/06/2020 15:44:32][Usuario][Conexión a la base de datos realizada]
[10/06/2020 15:44:32][Usuario][Conexión a la base de datos realizada]
[10/06/2020 15:44:46][Usuario][Conexión a la base de datos realizada]
[10/06/2020 15:44:46][Usuario][Alta de venta realizada]
[10/06/2020 15:44:47][Usuario][Conexión a la base de datos realizada]
[10/06/2020 15:44:47][Usuario][Alta de venta realizada]
[10/06/2020 15:44:54][Usuario][Conexión a la base de datos realizada]
[10/06/2020 15:44:54][Usuario][Alta de venta realizada]
[10/06/2020 15:44:56][Usuario][Conexión a la base de datos realizada]
[10/06/2020 15:44:56][Usuario][Alta de venta realizada]
[10/06/2020 15:45:16][Usuario][Conexión a la base de datos realizada]
[10/06/2020 15:45:16][Usuario][Conexión a la base de datos realizada]
[10/06/2020 15:45:23][Usuario][Conexión a la base de datos realizada]
[10/06/2020 15:45:23][Usuario][Alta de venta realizada]
[10/06/2020 15:45:24][Usuario][Conexión a la base de datos realizada]
[10/06/2020 15:45:24][Usuario][Alta de venta realizada]
[10/06/2020 15:45:25][Usuario][Conexión a la base de datos realizada]
[10/06/2020 15:45:25][Usuario][Alta de venta realizada]
[10/06/2020 15:45:39][Usuario][Salida del programa]
[10/06/2020 15:47:10][Usuario][Conexión a la base de datos realizada]
[10/06/2020 15:47:10][Usuario][Conexión de usuario realizada]
[10/06/2020 15:47:24][Usuario][Conexión a la base de datos realizada]
[10/06/2020 15:47:24][Usuario][Alta de proveedor realizada]
[10/06/2020 15:47:28][Usuario][Conexión a la base de datos realizada]
[10/06/2020 15:47:47][Usuario][Conexión a la base de datos realizada]
[10/06/2020 15:47:47][Usuario][Alta de producto realizada]
[10/06/2020 15:47:58][Usuario][Conexión a la base de datos realizada]
[10/06/2020 15:47:58][Usuario][Alta de panaderia realizada]
[10/06/2020 15:48:00][Usuario][Conexión a la base de datos realizada]
[10/06/2020 15:48:00][Usuario][Conexión a la base de datos realizada]
[10/06/2020 15:48:05][Usuario][Conexión a la base de datos realizada]
[10/06/2020 15:48:06][Usuario][Alta de venta realizada]
[10/06/2020 15:48:14][Usuario][Consulta de ayuda realizada]
[10/06/2020 15:48:18][Usuario][Salida del programa]
[10/06/2020 15:49:25][Usuario][Conexión a la base de datos realizada]
[10/06/2020 15:49:25][Administrador][Conexión de usuario realizada]
[10/06/2020 15:49:29][Administrador][Conexión a la base de datos realizada]
[10/06/2020 15:49:29][Administrador][Consulta de venta realizada]
[10/06/2020 15:49:33][Administrador][Conexión a la base de datos realizada]
[10/06/2020 15:49:43][Administrador][Conexión a la base de datos realizada]
[10/06/2020 15:49:43][Administrador][Alta de panaderia realizada]
[10/06/2020 15:49:47][Administrador][Conexión a la base de datos realizada]
[10/06/2020 15:49:47][Administrador][Conexión a la base de datos realizada]
[10/06/2020 15:49:53][Administrador][Conexión a la base de datos realizada]
[10/06/2020 15:49:53][Administrador][Consulta de venta realizada]
[10/06/2020 15:50:10][Administrador][Conexión a la base de datos realizada]
[10/06/2020 15:50:10][Administrador][Alta de proveedor realizada]
[10/06/2020 15:50:24][Administrador][Conexión a la base de datos realizada]
[10/06/2020 15:50:24][Administrador][Consulta de proveedor realizada]
[10/06/2020 15:50:27][Administrador][Conexión a la base de datos realizada]
[10/06/2020 15:50:29][Administrador][Conexión a la base de datos realizada]
[10/06/2020 15:50:33][Administrador][Conexión a la base de datos realizada]
[10/06/2020 15:50:35][Administrador][Conexión a la base de datos realizada]
[10/06/2020 15:50:42][Administrador][Conexión a la base de datos realizada]
[10/06/2020 15:50:42][Administrador][Conexión a la base de datos realizada]
[10/06/2020 15:50:55][Administrador][Conexión a la base de datos realizada]
[10/06/2020 15:50:55][Administrador][Alta de venta realizada]
[10/06/2020 15:50:56][Administrador][Conexión a la base de datos realizada]
[10/06/2020 15:50:56][Administrador][Alta de venta realizada]
[10/06/2020 15:51:51][Administrador][Conexión a la base de datos realizada]
[10/06/2020 15:51:52][Administrador][Conexión a la base de datos realizada]
[10/06/2020 15:51:52][Administrador][Conexión a la base de datos realizada]
[10/06/2020 15:51:57][Administrador][Conexión a la base de datos realizada]
[10/06/2020 15:51:57][Administrador][Modificación de producto realizada]
[10/06/2020 15:52:12][Administrador][Conexión a la base de datos realizada]
[10/06/2020 15:52:12][Administrador][Consulta de producto realizada]
[10/06/2020 15:52:15][Administrador][Conexión a la base de datos realizada]
[10/06/2020 15:52:16][Administrador][Conexión a la base de datos realizada]
[10/06/2020 15:52:19][Administrador][Conexión a la base de datos realizada]
[10/06/2020 15:52:27][Administrador][Conexión a la base de datos realizada]
[10/06/2020 15:52:27][Administrador][Modificacion de proveedor realizada]
[10/06/2020 15:52:27][Administrador][Conexión a la base de datos realizada]
[10/06/2020 15:52:27][Administrador][Modificacion de proveedor realizada]
[10/06/2020 15:52:27][Administrador][Conexión a la base de datos realizada]
[10/06/2020 15:52:27][Administrador][Modificacion de proveedor realizada]
[10/06/2020 15:52:32][Administrador][Conexión a la base de datos realizada]
[10/06/2020 15:52:32][Administrador][Modificacion de proveedor realizada]
[10/06/2020 15:52:32][Administrador][Conexión a la base de datos realizada]
[10/06/2020 15:52:32][Administrador][Modificacion de proveedor realizada]
[10/06/2020 15:52:32][Administrador][Conexión a la base de datos realizada]
[10/06/2020 15:52:32][Administrador][Modificacion de proveedor realizada]
[10/06/2020 15:52:37][Administrador][Conexión a la base de datos realizada]
[10/06/2020 15:52:37][Administrador][Modificacion de proveedor realizada]
[10/06/2020 15:52:37][Administrador][Conexión a la base de datos realizada]
[10/06/2020 15:52:37][Administrador][Modificacion de proveedor realizada]
[10/06/2020 15:52:37][Administrador][Conexión a la base de datos realizada]
[10/06/2020 15:52:37][Administrador][Modificacion de proveedor realizada]
[10/06/2020 15:52:43][Administrador][Conexión a la base de datos realizada]
[10/06/2020 15:52:43][Administrador][Consulta de panaderia realizada]
[10/06/2020 15:52:47][Administrador][Conexión a la base de datos realizada]
[10/06/2020 15:52:47][Administrador][Conexión a la base de datos realizada]
[10/06/2020 15:52:50][Administrador][Conexión a la base de datos realizada]
[10/06/2020 15:52:59][Administrador][Conexión a la base de datos realizada]
[10/06/2020 15:53:01][Administrador][Conexión a la base de datos realizada]
[10/06/2020 15:53:01][Administrador][Baja de proveedor realizada]
[10/06/2020 15:53:17][Administrador][Conexión a la base de datos realizada]
[10/06/2020 15:53:17][Administrador][Baja de proveedor realizada]
[10/06/2020 15:53:23][Administrador][Conexión a la base de datos realizada]
[10/06/2020 15:53:23][Administrador][Baja de proveedor realizada]
[10/06/2020 15:53:23][Administrador][Conexión a la base de datos realizada]
[10/06/2020 15:53:23][Administrador][Baja de proveedor realizada]
[10/06/2020 15:53:23][Administrador][Conexión a la base de datos realizada]
[10/06/2020 15:53:23][Administrador][Baja de proveedor realizada]
[10/06/2020 15:53:23][Administrador][Conexión a la base de datos realizada]
[10/06/2020 15:53:23][Administrador][Baja de proveedor realizada]
[10/06/2020 15:53:24][Administrador][Conexión a la base de datos realizada]
[10/06/2020 15:53:24][Administrador][Baja de proveedor realizada]
[10/06/2020 15:53:29][Administrador][Salida del programa]
[10/06/2020 16:01:01][Usuario][Conexión a la base de datos realizada]
[10/06/2020 16:01:01][Administrador][Conexión de usuario realizada]
[10/06/2020 16:01:03][Administrador][Conexión a la base de datos realizada]
[10/06/2020 16:01:03][Administrador][Consulta de producto realizada]
[10/06/2020 16:01:04][Administrador][Conexión a la base de datos realizada]
[10/06/2020 16:01:16][Administrador][Conexión a la base de datos realizada]
[10/06/2020 16:01:16][Administrador][Consulta de producto realizada]
[10/06/2020 16:01:21][Administrador][Salida del programa]
[10/06/2020 16:02:37][Usuario][Conexión a la base de datos realizada]
[10/06/2020 16:02:37][Administrador][Conexión de usuario realizada]
[10/06/2020 16:02:39][Administrador][Conexión a la base de datos realizada]
[10/06/2020 16:02:39][Administrador][Consulta de producto realizada]
[10/06/2020 16:02:40][Administrador][Conexión a la base de datos realizada]
[10/06/2020 16:02:50][Administrador][Conexión a la base de datos realizada]
[10/06/2020 16:02:50][Administrador][Consulta de producto realizada]
[10/06/2020 16:02:51][Administrador][Conexión a la base de datos realizada]
[10/06/2020 16:02:51][Administrador][Conexión a la base de datos realizada]
[10/06/2020 16:02:54][Administrador][Salida del programa]
[10/06/2020 16:05:06][Usuario][Conexión a la base de datos realizada]
[10/06/2020 16:05:06][Administrador][Conexión de usuario realizada]
[10/06/2020 16:05:11][Administrador][Conexión a la base de datos realizada]
[10/06/2020 16:05:11][Administrador][Consulta de producto realizada]
[10/06/2020 16:05:14][Administrador][Conexión a la base de datos realizada]
[10/06/2020 16:05:15][Administrador][Conexión a la base de datos realizada]
[10/06/2020 16:05:15][Administrador][Conexión a la base de datos realizada]
[10/06/2020 16:05:18][Administrador][Conexión a la base de datos realizada]
[10/06/2020 16:05:18][Administrador][Modificación de producto realizada]
[10/06/2020 16:05:21][Administrador][Conexión a la base de datos realizada]
[10/06/2020 16:05:21][Administrador][Modificación de producto realizada]
[10/06/2020 16:05:21][Administrador][Conexión a la base de datos realizada]
[10/06/2020 16:05:21][Administrador][Modificación de producto realizada]
[10/06/2020 16:05:21][Administrador][Conexión a la base de datos realizada]
[10/06/2020 16:05:21][Administrador][Modificación de producto realizada]
[10/06/2020 16:05:26][Administrador][Conexión a la base de datos realizada]
[10/06/2020 16:05:26][Administrador][Modificación de producto realizada]
[10/06/2020 16:05:49][Administrador][Conexión a la base de datos realizada]
[10/06/2020 16:05:49][Administrador][Conexión a la base de datos realizada]
[10/06/2020 16:05:54][Administrador][Salida del programa]
[10/06/2020 16:19:35][Usuario][Conexión a la base de datos realizada]
[10/06/2020 16:19:35][Usuario][Conexión de usuario realizada]
[10/06/2020 16:19:46][Usuario][Conexión a la base de datos realizada]
[10/06/2020 16:19:46][Usuario][Conexión a la base de datos realizada]
[10/06/2020 16:19:49][Usuario][Conexión a la base de datos realizada]
[10/06/2020 16:20:03][Usuario][Salida del programa]
[11/06/2020 21:56:57][Usuario][Conexión a la base de datos realizada]
[11/06/2020 21:56:57][Administrador][Conexión de usuario realizada]
[11/06/2020 21:56:59][Administrador][Conexión a la base de datos realizada]
[11/06/2020 21:57:02][Administrador][Conexión a la base de datos realizada]
[11/06/2020 21:57:10][Administrador][Conexión a la base de datos realizada]
[11/06/2020 21:57:10][Administrador][Consulta de venta realizada]
[11/06/2020 21:57:14][Administrador][Conexión a la base de datos realizada]
[11/06/2020 21:57:14][Administrador][Consulta de venta realizada]
[11/06/2020 21:57:15][Administrador][Conexión a la base de datos realizada]
[11/06/2020 21:57:15][Administrador][Conexión a la base de datos realizada]
[11/06/2020 21:57:21][Administrador][Conexión a la base de datos realizada]
[11/06/2020 21:57:21][Administrador][Consulta de venta realizada]
[11/06/2020 21:57:23][Administrador][Conexión a la base de datos realizada]
[11/06/2020 21:57:23][Administrador][Conexión a la base de datos realizada]
[11/06/2020 21:57:28][Administrador][Salida del programa]
[11/06/2020 22:00:39][Usuario][Conexión a la base de datos realizada]
[11/06/2020 22:00:40][Usuario][Conexión de usuario realizada]
[11/06/2020 22:00:44][Usuario][Conexión a la base de datos realizada]
[11/06/2020 22:00:44][Administrador][Conexión de usuario realizada]
[11/06/2020 22:01:05][Administrador][Salida del programa]
[11/06/2020 22:03:02][Usuario][Conexión a la base de datos realizada]
[11/06/2020 22:03:02][Administrador][Conexión de usuario realizada]
[11/06/2020 22:03:07][Administrador][Conexión a la base de datos realizada]
[11/06/2020 22:03:07][Administrador][Alta de panaderia realizada]
[11/06/2020 22:03:13][Administrador][Conexión a la base de datos realizada]
[11/06/2020 22:03:13][Administrador][Alta de panaderia realizada]
[11/06/2020 22:03:15][Administrador][Salida del programa]
[11/06/2020 22:06:46][Usuario][Conexión a la base de datos realizada]
[11/06/2020 22:06:46][Administrador][Conexión de usuario realizada]
[11/06/2020 22:06:51][Administrador][Conexión a la base de datos realizada]
[11/06/2020 22:06:51][Administrador][Alta de panaderia realizada]
[11/06/2020 22:06:55][Administrador][Salida del programa]
[11/06/2020 22:09:14][Usuario][Conexión a la base de datos realizada]
[11/06/2020 22:09:14][Administrador][Conexión de usuario realizada]
[11/06/2020 22:09:23][Administrador][Conexión a la base de datos realizada]
[11/06/2020 22:09:24][Administrador][Alta de proveedor realizada]
[11/06/2020 22:09:37][Administrador][Conexión a la base de datos realizada]
[11/06/2020 22:09:37][Administrador][Alta de proveedor realizada]
[11/06/2020 22:09:42][Administrador][Salida del programa]
[11/06/2020 22:10:32][Usuario][Conexión a la base de datos realizada]
[11/06/2020 22:10:32][Usuario][Conexión de usuario realizada]
[11/06/2020 22:10:38][Usuario][Conexión a la base de datos realizada]
[11/06/2020 22:10:47][Usuario][Conexión a la base de datos realizada]
[11/06/2020 22:10:47][Usuario][Alta de producto realizada]
[11/06/2020 22:10:59][Usuario][Salida del programa]
[11/06/2020 22:11:40][Usuario][Conexión a la base de datos realizada]
[11/06/2020 22:11:40][Usuario][Conexión de usuario realizada]
[11/06/2020 22:11:41][Usuario][Conexión a la base de datos realizada]
[11/06/2020 22:11:45][Usuario][Conexión a la base de datos realizada]
[11/06/2020 22:11:45][Usuario][Alta de producto realizada]
[11/06/2020 22:11:50][Usuario][Salida del programa]
[11/06/2020 22:12:00][Usuario][Conexión a la base de datos realizada]
[11/06/2020 22:12:00][Administrador][Conexión de usuario realizada]
[11/06/2020 22:12:01][Administrador][Conexión a la base de datos realizada]
[11/06/2020 22:12:04][Administrador][Conexión a la base de datos realizada]
[11/06/2020 22:12:04][Administrador][Alta de producto realizada]
[11/06/2020 22:12:07][Administrador][Salida del programa]
[11/06/2020 22:12:44][Usuario][Conexión a la base de datos realizada]
[11/06/2020 22:12:44][Usuario][Conexión de usuario realizada]
[11/06/2020 22:12:45][Usuario][Conexión a la base de datos realizada]
[11/06/2020 22:12:48][Usuario][Conexión a la base de datos realizada]
[11/06/2020 22:12:48][Usuario][Alta de producto realizada]
[11/06/2020 22:12:51][Usuario][Salida del programa]
[11/06/2020 22:13:34][Usuario][Conexión a la base de datos realizada]
[11/06/2020 22:13:34][Usuario][Conexión de usuario realizada]
[11/06/2020 22:13:41][Usuario][Conexión a la base de datos realizada]
[11/06/2020 22:13:41][Usuario][Alta de proveedor realizada]
[11/06/2020 22:13:43][Usuario][Salida del programa]
[11/06/2020 22:15:03][Usuario][Conexión a la base de datos realizada]
[11/06/2020 22:15:03][Administrador][Conexión de usuario realizada]
[11/06/2020 22:15:06][Administrador][Conexión a la base de datos realizada]
[11/06/2020 22:15:11][Administrador][Conexión a la base de datos realizada]
[11/06/2020 22:15:11][Administrador][Baja de proveedor realizada]
[11/06/2020 22:15:18][Administrador][Salida del programa]
[11/06/2020 22:18:47][Usuario][Conexión a la base de datos realizada]
[11/06/2020 22:18:47][Administrador][Conexión de usuario realizada]
[11/06/2020 22:18:50][Administrador][Conexión a la base de datos realizada]
[11/06/2020 22:18:55][Administrador][Conexión a la base de datos realizada]
[11/06/2020 22:18:57][Administrador][Conexión a la base de datos realizada]
[11/06/2020 22:18:58][Administrador][Conexión a la base de datos realizada]
[11/06/2020 22:19:03][Administrador][Conexión a la base de datos realizada]
[11/06/2020 22:19:06][Administrador][Salida del programa]
[11/06/2020 22:19:45][Usuario][Conexión a la base de datos realizada]
[11/06/2020 22:19:45][Administrador][Conexión de usuario realizada]
[11/06/2020 22:19:47][Administrador][Conexión a la base de datos realizada]
[11/06/2020 22:19:52][Administrador][Salida del programa]
[11/06/2020 22:20:36][Usuario][Conexión a la base de datos realizada]
[11/06/2020 22:20:36][Administrador][Conexión de usuario realizada]
[11/06/2020 22:20:38][Administrador][Conexión a la base de datos realizada]
[11/06/2020 22:20:39][Administrador][Conexión a la base de datos realizada]
[11/06/2020 22:20:39][Administrador][Conexión a la base de datos realizada]
[11/06/2020 22:20:47][Administrador][Conexión a la base de datos realizada]
[11/06/2020 22:20:50][Administrador][Conexión a la base de datos realizada]
[11/06/2020 22:20:50][Administrador][Conexión a la base de datos realizada]
[11/06/2020 22:20:57][Administrador][Conexión a la base de datos realizada]
[11/06/2020 22:20:57][Administrador][Modificación de producto realizada]
[11/06/2020 22:20:57][Administrador][Conexión a la base de datos realizada]
[11/06/2020 22:20:57][Administrador][Modificación de producto realizada]
[11/06/2020 22:20:59][Administrador][Conexión a la base de datos realizada]
[11/06/2020 22:20:59][Administrador][Modificación de producto realizada]
[11/06/2020 22:20:59][Administrador][Conexión a la base de datos realizada]
[11/06/2020 22:20:59][Administrador][Modificación de producto realizada]
[11/06/2020 22:20:59][Administrador][Conexión a la base de datos realizada]
[11/06/2020 22:20:59][Administrador][Modificación de producto realizada]
[11/06/2020 22:20:59][Administrador][Conexión a la base de datos realizada]
[11/06/2020 22:20:59][Administrador][Modificación de producto realizada]
[11/06/2020 22:20:59][Administrador][Conexión a la base de datos realizada]
[11/06/2020 22:20:59][Administrador][Modificación de producto realizada]
[11/06/2020 22:20:59][Administrador][Conexión a la base de datos realizada]
[11/06/2020 22:20:59][Administrador][Modificación de producto realizada]
[11/06/2020 22:21:00][Administrador][Conexión a la base de datos realizada]
[11/06/2020 22:21:00][Administrador][Modificación de producto realizada]
[11/06/2020 22:21:00][Administrador][Conexión a la base de datos realizada]
[11/06/2020 22:21:00][Administrador][Modificación de producto realizada]
[11/06/2020 22:21:00][Administrador][Conexión a la base de datos realizada]
[11/06/2020 22:21:00][Administrador][Modificación de producto realizada]
[11/06/2020 22:21:00][Administrador][Conexión a la base de datos realizada]
[11/06/2020 22:21:00][Administrador][Modificación de producto realizada]
[11/06/2020 22:21:00][Administrador][Conexión a la base de datos realizada]
[11/06/2020 22:21:00][Administrador][Modificación de producto realizada]
[11/06/2020 22:21:00][Administrador][Conexión a la base de datos realizada]
[11/06/2020 22:21:00][Administrador][Modificación de producto realizada]
[11/06/2020 22:21:00][Administrador][Conexión a la base de datos realizada]
[11/06/2020 22:21:00][Administrador][Modificación de producto realizada]
[11/06/2020 22:21:00][Administrador][Conexión a la base de datos realizada]
[11/06/2020 22:21:00][Administrador][Modificación de producto realizada]
[11/06/2020 22:21:10][Administrador][Conexión a la base de datos realizada]
[11/06/2020 22:21:10][Administrador][Modificación de producto realizada]
[11/06/2020 22:21:10][Administrador][Conexión a la base de datos realizada]
[11/06/2020 22:21:10][Administrador][Modificación de producto realizada]
[11/06/2020 22:21:11][Administrador][Conexión a la base de datos realizada]
[11/06/2020 22:21:11][Administrador][Conexión a la base de datos realizada]
[11/06/2020 22:21:16][Administrador][Salida del programa]
[11/06/2020 22:22:00][Usuario][Conexión a la base de datos realizada]
[11/06/2020 22:22:00][Administrador][Conexión de usuario realizada]
[11/06/2020 22:22:02][Administrador][Conexión a la base de datos realizada]
[11/06/2020 22:22:03][Administrador][Conexión a la base de datos realizada]
[11/06/2020 22:22:03][Administrador][Conexión a la base de datos realizada]
[11/06/2020 22:22:04][Administrador][Conexión a la base de datos realizada]
[11/06/2020 22:22:04][Administrador][Modificación de producto realizada]
[11/06/2020 22:22:12][Administrador][Salida del programa]
[11/06/2020 22:23:04][Usuario][Conexión a la base de datos realizada]
[11/06/2020 22:23:04][Administrador][Conexión de usuario realizada]
[11/06/2020 22:23:06][Administrador][Conexión a la base de datos realizada]
[11/06/2020 22:23:06][Administrador][Conexión a la base de datos realizada]
[11/06/2020 22:23:06][Administrador][Conexión a la base de datos realizada]
[11/06/2020 22:23:07][Administrador][Conexión a la base de datos realizada]
[11/06/2020 22:23:07][Administrador][Modificación de producto realizada]
[11/06/2020 22:23:13][Administrador][Salida del programa]
[11/06/2020 22:30:10][Usuario][Conexión a la base de datos realizada]
[11/06/2020 22:30:10][Administrador][Conexión de usuario realizada]
[11/06/2020 22:30:15][Administrador][Conexión a la base de datos realizada]
[11/06/2020 22:30:17][Administrador][Conexión a la base de datos realizada]
[11/06/2020 22:30:23][Administrador][Conexión a la base de datos realizada]
[11/06/2020 22:30:23][Administrador][Conexión a la base de datos realizada]
[11/06/2020 22:30:25][Administrador][Conexión a la base de datos realizada]
[11/06/2020 22:30:40][Administrador][Salida del programa]
[11/06/2020 22:31:13][Usuario][Conexión a la base de datos realizada]
[11/06/2020 22:31:13][Administrador][Conexión de usuario realizada]
[11/06/2020 22:31:15][Administrador][Conexión a la base de datos realizada]
[11/06/2020 22:31:22][Administrador][Salida del programa]
[11/06/2020 22:31:39][Usuario][Conexión a la base de datos realizada]
[11/06/2020 22:31:39][Administrador][Conexión de usuario realizada]
[11/06/2020 22:31:40][Administrador][Conexión a la base de datos realizada]
[11/06/2020 22:31:46][Administrador][Salida del programa]
[11/06/2020 22:32:02][Usuario][Conexión a la base de datos realizada]
[11/06/2020 22:32:02][Usuario][Conexión de usuario realizada]
[11/06/2020 22:32:03][Usuario][Conexión a la base de datos realizada]
[11/06/2020 22:32:08][Usuario][Salida del programa]
[11/06/2020 22:36:34][Usuario][Conexión a la base de datos realizada]
[11/06/2020 22:36:34][Administrador][Conexión de usuario realizada]
[11/06/2020 22:36:40][Administrador][Conexión a la base de datos realizada]
[11/06/2020 22:37:05][Administrador][Conexión a la base de datos realizada]
[11/06/2020 22:37:05][Administrador][Alta de proveedor realizada]
[11/06/2020 22:37:11][Administrador][Conexión a la base de datos realizada]
[11/06/2020 22:37:21][Administrador][Conexión a la base de datos realizada]
[11/06/2020 22:37:21][Administrador][Alta de producto realizada]
[11/06/2020 22:37:23][Administrador][Conexión a la base de datos realizada]
[11/06/2020 22:37:23][Administrador][Alta de producto realizada]
[11/06/2020 22:37:37][Administrador][Conexión a la base de datos realizada]
[11/06/2020 22:37:37][Administrador][Alta de panaderia realizada]
[11/06/2020 22:37:46][Administrador][Conexión a la base de datos realizada]
[11/06/2020 22:37:46][Administrador][Conexión a la base de datos realizada]
[11/06/2020 22:37:59][Administrador][Conexión a la base de datos realizada]
[11/06/2020 22:37:59][Administrador][Alta de venta realizada]
[11/06/2020 22:38:07][Administrador][Conexión a la base de datos realizada]
[11/06/2020 22:38:09][Administrador][Conexión a la base de datos realizada]
[11/06/2020 22:38:09][Administrador][Baja de proveedor realizada]
[11/06/2020 22:38:50][Administrador][Conexión a la base de datos realizada]
[11/06/2020 22:38:52][Administrador][Conexión a la base de datos realizada]
[11/06/2020 22:38:52][Administrador][Baja de proveedor realizada]
[11/06/2020 22:39:10][Usuario][Conexión a la base de datos realizada]
[11/06/2020 22:39:11][Usuario][Conexión de usuario realizada]
[11/06/2020 22:39:16][Usuario][Conexión a la base de datos realizada]
[11/06/2020 22:39:16][Administrador][Conexión de usuario realizada]
[11/06/2020 22:39:18][Administrador][Conexión a la base de datos realizada]
[11/06/2020 22:39:47][Administrador][Conexión a la base de datos realizada]
[11/06/2020 22:39:47][Administrador][Alta de proveedor realizada]
[11/06/2020 22:39:51][Administrador][Conexión a la base de datos realizada]
[11/06/2020 22:39:53][Administrador][Conexión a la base de datos realizada]
[11/06/2020 22:39:55][Administrador][Conexión a la base de datos realizada]
[11/06/2020 22:39:56][Administrador][Baja de proveedor realizada]
[11/06/2020 22:40:05][Administrador][Conexión a la base de datos realizada]
[11/06/2020 22:40:07][Administrador][Conexión a la base de datos realizada]
[11/06/2020 22:40:10][Administrador][Conexión a la base de datos realizada]
[11/06/2020 22:40:10][Administrador][Modificacion de proveedor realizada]
[11/06/2020 22:40:12][Administrador][Conexión a la base de datos realizada]
[11/06/2020 22:40:23][Administrador][Conexión a la base de datos realizada]
[11/06/2020 22:40:23][Administrador][Consulta de panaderia realizada]
[11/06/2020 22:40:25][Administrador][Conexión a la base de datos realizada]
[11/06/2020 22:40:34][Administrador][Conexión a la base de datos realizada]
[11/06/2020 22:40:34][Administrador][Alta de panaderia realizada]
[11/06/2020 22:40:36][Administrador][Salida del programa]
[11/06/2020 22:41:37][Usuario][Conexión a la base de datos realizada]
[11/06/2020 22:41:37][Administrador][Conexión de usuario realizada]
[11/06/2020 22:41:49][Administrador][Conexión a la base de datos realizada]
[11/06/2020 22:41:49][Administrador][Alta de panaderia realizada]
[11/06/2020 22:41:52][Administrador][Conexión a la base de datos realizada]
[11/06/2020 22:41:59][Administrador][Conexión a la base de datos realizada]
[11/06/2020 22:41:59][Administrador][Alta de producto realizada]
[11/06/2020 22:42:09][Administrador][Salida del programa]
[11/06/2020 22:45:58][Usuario][Conexión a la base de datos realizada]
[11/06/2020 22:45:58][Administrador][Conexión de usuario realizada]
[11/06/2020 22:46:00][Administrador][Conexión a la base de datos realizada]
[11/06/2020 22:46:21][Administrador][Alta de producto realizada]
[11/06/2020 22:46:51][Administrador][Salida del programa]
[11/06/2020 22:46:55][Administrador][Conexión a la base de datos realizada]
[11/06/2020 22:46:55][Administrador][Baja de proveedor realizada]
[11/06/2020 22:46:56][Administrador][Conexión a la base de datos realizada]
[11/06/2020 22:46:56][Administrador][Baja de proveedor realizada]
[11/06/2020 22:47:17][Administrador][Conexión a la base de datos realizada]
[11/06/2020 22:47:24][Administrador][Conexión a la base de datos realizada]
[11/06/2020 22:47:25][Administrador][Alta de proveedor realizada]
[11/06/2020 22:47:25][Administrador][Conexión a la base de datos realizada]
[11/06/2020 22:47:25][Administrador][Alta de proveedor realizada]
[11/06/2020 22:47:53][Administrador][Salida del programa]
[11/06/2020 22:48:06][Usuario][Conexión a la base de datos realizada]
[11/06/2020 22:48:06][Administrador][Conexión de usuario realizada]
[11/06/2020 22:48:08][Administrador][Conexión a la base de datos realizada]
[11/06/2020 22:48:08][Administrador][Alta de panaderia realizada]
[11/06/2020 22:48:11][Administrador][Conexión a la base de datos realizada]
[11/06/2020 22:48:19][Administrador][Conexión a la base de datos realizada]
[11/06/2020 22:48:19][Administrador][Alta de producto realizada]
[11/06/2020 22:48:27][Administrador][Conexión a la base de datos realizada]
[11/06/2020 22:48:31][Administrador][Conexión a la base de datos realizada]
[11/06/2020 22:48:31][Administrador][Baja de proveedor realizada]
[11/06/2020 22:48:56][Administrador][Salida del programa]
[11/06/2020 22:58:10][Usuario][Conexión a la base de datos realizada]
[11/06/2020 22:58:10][Administrador][Conexión de usuario realizada]
[11/06/2020 22:58:15][Administrador][Conexión a la base de datos realizada]
[11/06/2020 22:58:29][Administrador][Conexión a la base de datos realizada]
[11/06/2020 22:58:29][Administrador][Alta de proveedor realizada]
[11/06/2020 22:58:33][Administrador][Conexión a la base de datos realizada]
[11/06/2020 22:58:40][Administrador][Conexión a la base de datos realizada]
[11/06/2020 22:58:40][Administrador][Alta de producto realizada]
[11/06/2020 22:58:41][Administrador][Conexión a la base de datos realizada]
[11/06/2020 22:58:41][Administrador][Alta de producto realizada]
[11/06/2020 22:58:44][Administrador][Conexión a la base de datos realizada]
[11/06/2020 22:58:55][Administrador][Conexión a la base de datos realizada]
[11/06/2020 22:58:55][Administrador][Alta de producto realizada]
[11/06/2020 22:58:56][Administrador][Conexión a la base de datos realizada]
[11/06/2020 22:58:56][Administrador][Alta de producto realizada]
[11/06/2020 22:58:57][Administrador][Conexión a la base de datos realizada]
[11/06/2020 22:58:57][Administrador][Alta de producto realizada]
[11/06/2020 22:59:19][Administrador][Conexión a la base de datos realizada]
[11/06/2020 22:59:19][Administrador][Consulta de proveedor realizada]
[11/06/2020 22:59:23][Administrador][Conexión a la base de datos realizada]
[11/06/2020 22:59:25][Administrador][Conexión a la base de datos realizada]
[11/06/2020 22:59:25][Administrador][Baja de proveedor realizada]
[11/06/2020 23:29:57][Usuario][Conexión a la base de datos realizada]
[11/06/2020 23:29:57][Administrador][Conexión de usuario realizada]
[11/06/2020 23:30:00][Administrador][Conexión a la base de datos realizada]
[11/06/2020 23:30:03][Administrador][Conexión a la base de datos realizada]
[11/06/2020 23:30:03][Administrador][Baja de proveedor realizada]
[11/06/2020 23:30:10][Administrador][Conexión a la base de datos realizada]
[11/06/2020 23:30:15][Administrador][Conexión a la base de datos realizada]
[11/06/2020 23:30:15][Administrador][Alta de producto realizada]
[11/06/2020 23:30:18][Administrador][Salida del programa]
[11/06/2020 23:36:06][Usuario][Conexión a la base de datos realizada]
[11/06/2020 23:36:06][Administrador][Conexión de usuario realizada]
[11/06/2020 23:36:08][Administrador][Conexión a la base de datos realizada]
[11/06/2020 23:36:10][Administrador][Conexión a la base de datos realizada]
[11/06/2020 23:36:10][Administrador][Baja de proveedor realizada]
[11/06/2020 23:38:35][Usuario][Conexión a la base de datos realizada]
[11/06/2020 23:38:35][Administrador][Conexión de usuario realizada]
[11/06/2020 23:38:36][Administrador][Conexión a la base de datos realizada]
[11/06/2020 23:38:38][Administrador][Conexión a la base de datos realizada]
[11/06/2020 23:38:38][Administrador][Baja de proveedor realizada]
[11/06/2020 23:38:49][Administrador][Conexión a la base de datos realizada]
[11/06/2020 23:38:49][Administrador][Alta de proveedor realizada]
[11/06/2020 23:38:52][Administrador][Conexión a la base de datos realizada]
[11/06/2020 23:38:55][Administrador][Conexión a la base de datos realizada]
[11/06/2020 23:38:55][Administrador][Baja de proveedor realizada]
[11/06/2020 23:38:55][Administrador][Conexión a la base de datos realizada]
[11/06/2020 23:38:55][Administrador][Baja de proveedor realizada]
[11/06/2020 23:38:56][Administrador][Conexión a la base de datos realizada]
[11/06/2020 23:38:56][Administrador][Baja de proveedor realizada]
[11/06/2020 23:39:01][Administrador][Salida del programa]
[11/06/2020 23:41:21][Administrador][Salida del programa]
[12/06/2020 00:37:05][Usuario][Conexión a la base de datos realizada]
[12/06/2020 00:40:29][Usuario][Conexión de usuario realizada]
[12/06/2020 00:40:30][Usuario][Conexión a la base de datos realizada]
[12/06/2020 00:40:30][Administrador][Conexión de usuario realizada]
[12/06/2020 00:40:59][Administrador][Salida del programa]
[12/06/2020 00:45:52][Usuario][Conexión a la base de datos realizada]
[12/06/2020 00:45:52][Administrador][Conexión de usuario realizada]
[12/06/2020 00:45:55][Administrador][Conexión a la base de datos realizada]
[12/06/2020 00:47:26][Administrador][Conexión a la base de datos realizada]
[12/06/2020 00:47:26][Administrador][Alta de producto realizada]
[12/06/2020 00:48:40][Administrador][Conexión a la base de datos realizada]
[12/06/2020 00:48:59][Administrador][Conexión a la base de datos realizada]
[12/06/2020 00:48:59][Administrador][Conexión a la base de datos realizada]
[12/06/2020 00:49:33][Administrador][Conexión a la base de datos realizada]
[12/06/2020 00:49:33][Administrador][Modificación de producto realizada]
[12/06/2020 00:53:56][Administrador][Conexión a la base de datos realizada]
[12/06/2020 00:53:56][Administrador][Consulta de producto realizada]
[12/06/2020 00:54:13][Administrador][Conexión a la base de datos realizada]
[12/06/2020 00:54:33][Administrador][Conexión a la base de datos realizada]
[12/06/2020 00:54:33][Administrador][Consulta de producto realizada]
[12/06/2020 00:56:58][Administrador][Conexión a la base de datos realizada]
[12/06/2020 00:56:58][Administrador][Alta de proveedor realizada]
[12/06/2020 01:00:26][Administrador][Conexión a la base de datos realizada]
[12/06/2020 01:01:01][Administrador][Conexión a la base de datos realizada]
[12/06/2020 01:01:01][Administrador][Baja de proveedor realizada]
[12/06/2020 01:02:38][Administrador][Conexión a la base de datos realizada]
[12/06/2020 01:02:58][Administrador][Conexión a la base de datos realizada]
[12/06/2020 01:03:29][Administrador][Conexión a la base de datos realizada]
[12/06/2020 01:03:29][Administrador][Modificacion de proveedor realizada]
[12/06/2020 01:05:24][Administrador][Conexión a la base de datos realizada]
[12/06/2020 01:05:24][Administrador][Consulta de proveedor realizada]
[12/06/2020 01:05:39][Administrador][Conexión a la base de datos realizada]
[12/06/2020 01:09:38][Administrador][Conexión a la base de datos realizada]
[12/06/2020 01:09:38][Administrador][Alta de panaderia realizada]
[12/06/2020 01:11:15][Administrador][Conexión a la base de datos realizada]
[12/06/2020 01:11:15][Administrador][Consulta de panaderia realizada]
[12/06/2020 01:11:31][Administrador][Conexión a la base de datos realizada]
[12/06/2020 01:13:49][Administrador][Conexión a la base de datos realizada]
[12/06/2020 01:13:49][Administrador][Conexión a la base de datos realizada]
[12/06/2020 01:14:09][Administrador][Conexión a la base de datos realizada]
[12/06/2020 01:14:09][Administrador][Alta de venta realizada]
[12/06/2020 01:15:42][Administrador][Conexión a la base de datos realizada]
[12/06/2020 01:15:42][Administrador][Consulta de venta realizada]
[12/06/2020 01:16:02][Administrador][Conexión a la base de datos realizada]
[12/06/2020 01:17:32][Administrador][Salida del programa]
[12/06/2020 01:24:37][Usuario][Conexión a la base de datos realizada]
[12/06/2020 01:24:37][Administrador][Conexión de usuario realizada]
[12/06/2020 01:24:38][Administrador][Consulta de ayuda realizada]
[12/06/2020 01:25:40][Administrador][Salida del programa]
[14/06/2020 22:26:30][Usuario][Salida del programa]
[14/06/2020 22:26:57][Usuario][Conexión a la base de datos realizada]
[14/06/2020 22:26:58][Usuario][Conexión de usuario realizada]
[14/06/2020 22:26:59][Usuario][Salida del programa]
[14/06/2020 22:28:49][Usuario][Conexión a la base de datos realizada]
[14/06/2020 22:28:49][Administrador][Conexión de usuario realizada]
[14/06/2020 22:35:56][Administrador][Conexión a la base de datos realizada]
[14/06/2020 22:45:47][Administrador][Conexión a la base de datos realizada]
[14/06/2020 22:45:48][Administrador][Conexión a la base de datos realizada]
[14/06/2020 22:45:48][Administrador][Conexión a la base de datos realizada]
[14/06/2020 22:46:00][Administrador][Conexión a la base de datos realizada]
[14/06/2020 22:46:00][Administrador][Consulta de producto realizada]
[14/06/2020 22:46:14][Administrador][Conexión a la base de datos realizada]
[14/06/2020 22:46:33][Administrador][Conexión a la base de datos realizada]
[14/06/2020 22:46:33][Administrador][Consulta de panaderia realizada]
[14/06/2020 22:46:41][Administrador][Conexión a la base de datos realizada]
[14/06/2020 22:46:43][Administrador][Conexión a la base de datos realizada]
[14/06/2020 22:46:45][Administrador][Conexión a la base de datos realizada]
[14/06/2020 22:46:45][Administrador][Consulta de producto realizada]
[14/06/2020 22:46:50][Administrador][Conexión a la base de datos realizada]
[14/06/2020 22:46:53][Administrador][Conexión a la base de datos realizada]
[14/06/2020 22:46:53][Administrador][Conexión a la base de datos realizada]
[14/06/2020 22:50:37][Administrador][Conexión a la base de datos realizada]
[14/06/2020 22:50:37][Administrador][Conexión a la base de datos realizada]
[14/06/2020 22:50:38][Administrador][Conexión a la base de datos realizada]
[14/06/2020 22:50:38][Administrador][Conexión a la base de datos realizada]
[14/06/2020 22:50:40][Administrador][Conexión a la base de datos realizada]
[14/06/2020 22:50:40][Administrador][Conexión a la base de datos realizada]
[14/06/2020 22:50:46][Administrador][Conexión a la base de datos realizada]
[14/06/2020 22:50:49][Administrador][Conexión a la base de datos realizada]
[14/06/2020 22:50:49][Administrador][Consulta de producto realizada]
[14/06/2020 23:02:51][Administrador][Salida del programa]
[14/06/2020 23:03:02][Usuario][Conexión a la base de datos realizada]
[14/06/2020 23:03:02][Usuario][Conexión de usuario realizada]
[14/06/2020 23:04:23][Usuario][Salida del programa]
